<?xml version="1.0" encoding="UTF-8"?>
<!-- Generated by org.testng.reporters.JUnitXMLReporter -->
<testsuite hostname="DESKTOP-IVGBK9C" ignored="0" name="Test" tests="4" failures="0" timestamp="2021-07-29T11:24:49 EET" time="19.302" errors="0">
  <testcase name="failureTestCase" time="6.359" classname="com.lolaflora.automation.FailureLoginCase"/>
  <testcase name="fbSuccessTestCase" time="4.012" classname="com.lolaflora.automation.FbSuccessLoginCase"/>
  <testcase name="brokenLinkTestCase" time="4.323" classname="com.lolaflora.automation.LinksControl"/>
  <testcase name="successTestCase" time="4.583" classname="com.lolaflora.automation.SuccessLoginCase"/>
</testsuite> <!-- Test -->
