<?xml version="1.0" encoding="UTF-8"?>
<testsuite xmlns:xsi="http://www.w3.org/2001/XMLSchema-instance" xsi:noNamespaceSchemaLocation="https://maven.apache.org/surefire/maven-surefire-plugin/xsd/surefire-test-report.xsd" name="TestSuite" time="19.681" tests="4" errors="0" skipped="0" failures="0">
  <properties>
[...]
</properties>
  <testcase name="failureTestCase" classname="com.lolaflora.automation.FailureLoginCase" time="6.36"/>
  <testcase name="fbSuccessTestCase" classname="com.lolaflora.automation.FbSuccessLoginCase" time="4.012"/>
  <testcase name="brokenLinkTestCase" classname="com.lolaflora.automation.LinksControl" time="4.324"/>
  <testcase name="successTestCase" classname="com.lolaflora.automation.SuccessLoginCase" time="4.583"/>
</testsuite>